Fri Jun 28 14:04:22 CST 2013  [debug] AvalonLogSystem initialized using logfile 'velocity.log'
Fri Jun 28 14:04:22 CST 2013   [info] ************************************************************** 
Fri Jun 28 14:04:22 CST 2013   [info] Starting Jakarta Velocity v1.3.1
Fri Jun 28 14:04:22 CST 2013   [info] RuntimeInstance initializing.
Fri Jun 28 14:04:22 CST 2013   [info] Default Properties File: org\apache\velocity\runtime\defaults\velocity.properties
Fri Jun 28 14:04:22 CST 2013   [info] Trying to use logger class org.apache.velocity.runtime.log.AvalonLogSystem
Fri Jun 28 14:04:22 CST 2013   [info] Using logger class org.apache.velocity.runtime.log.AvalonLogSystem
Fri Jun 28 14:04:22 CST 2013   [info] Default ResourceManager initializing. (class org.apache.velocity.runtime.resource.ResourceManagerImpl)
Fri Jun 28 14:04:22 CST 2013   [info] Resource Loader Instantiated: org.apache.velocity.runtime.resource.loader.FileResourceLoader
Fri Jun 28 14:04:22 CST 2013   [info] FileResourceLoader : initialization starting.
Fri Jun 28 14:04:22 CST 2013   [info] FileResourceLoader : adding path 'G:\workspace\codeBuild\src\conf\vm'
Fri Jun 28 14:04:22 CST 2013   [info] FileResourceLoader : adding path 'G:\workspace\codeBuild\src\conf\out'
Fri Jun 28 14:04:22 CST 2013   [info] FileResourceLoader : initialization complete.
Fri Jun 28 14:04:22 CST 2013   [info] ResourceCache : initialized. (class org.apache.velocity.runtime.resource.ResourceCacheImpl)
Fri Jun 28 14:04:22 CST 2013   [info] Default ResourceManager initialization complete.
Fri Jun 28 14:04:22 CST 2013   [info] Loaded System Directive: org.apache.velocity.runtime.directive.Literal
Fri Jun 28 14:04:22 CST 2013   [info] Loaded System Directive: org.apache.velocity.runtime.directive.Macro
Fri Jun 28 14:04:22 CST 2013   [info] Loaded System Directive: org.apache.velocity.runtime.directive.Parse
Fri Jun 28 14:04:22 CST 2013   [info] Loaded System Directive: org.apache.velocity.runtime.directive.Include
Fri Jun 28 14:04:22 CST 2013   [info] Loaded System Directive: org.apache.velocity.runtime.directive.Foreach
Fri Jun 28 14:04:22 CST 2013   [info] Created: 20 parsers.
Fri Jun 28 14:04:22 CST 2013   [info] Velocimacro : initialization starting.
Fri Jun 28 14:04:22 CST 2013   [info] Velocimacro : adding VMs from VM library template : VM_global_library.vm
Fri Jun 28 14:04:22 CST 2013  [error] ResourceManager : unable to find resource 'VM_global_library.vm' in any resource loader.
Fri Jun 28 14:04:22 CST 2013   [info] Velocimacro : error using  VM library template VM_global_library.vm : org.apache.velocity.exception.ResourceNotFoundException: Unable to find resource 'VM_global_library.vm'
Fri Jun 28 14:04:22 CST 2013   [info] Velocimacro :  VM library template macro registration complete.
Fri Jun 28 14:04:22 CST 2013   [info] Velocimacro : allowInline = true : VMs can be defined inline in templates
Fri Jun 28 14:04:22 CST 2013   [info] Velocimacro : allowInlineToOverride = false : VMs defined inline may NOT replace previous VM definitions
Fri Jun 28 14:04:22 CST 2013   [info] Velocimacro : allowInlineLocal = false : VMs defined inline will be  global in scope if allowed.
Fri Jun 28 14:04:22 CST 2013   [info] Velocimacro : messages on  : VM system will output logging messages
Fri Jun 28 14:04:22 CST 2013   [info] Velocimacro : autoload off  : VM system will not automatically reload global library macros
Fri Jun 28 14:04:22 CST 2013   [info] Velocimacro : initialization complete.
Fri Jun 28 14:04:22 CST 2013   [info] Velocity successfully started.
Fri Jun 28 14:04:22 CST 2013   [info] ResourceManager : found Control.vm with loader org.apache.velocity.runtime.resource.loader.FileResourceLoader
Fri Jun 28 14:04:22 CST 2013   [info] ResourceManager : found Table0POJO.vm with loader org.apache.velocity.runtime.resource.loader.FileResourceLoader
Fri Jun 28 14:04:22 CST 2013   [info] ResourceManager : found CommonTemplate.vm with loader org.apache.velocity.runtime.resource.loader.FileResourceLoader
Fri Jun 28 14:04:22 CST 2013   [warn] org.apache.velocity.runtime.exception.ReferenceException: reference : template = Table0POJO.vm [line 38,column 22] : $author is not a valid reference.
Fri Jun 28 14:04:22 CST 2013   [warn] org.apache.velocity.runtime.exception.ReferenceException: reference : template = Table0POJO.vm [line 39,column 13] : $Revision is not a valid reference.
Fri Jun 28 14:04:22 CST 2013   [info] ResourceManager : found Table0Ext.vm with loader org.apache.velocity.runtime.resource.loader.FileResourceLoader
Fri Jun 28 14:04:22 CST 2013   [info] ResourceManager : found CommonTemplate.vm with loader org.apache.velocity.runtime.resource.loader.FileResourceLoader
Fri Jun 28 14:04:22 CST 2013   [warn] org.apache.velocity.runtime.exception.ReferenceException: reference : template = Table0Ext.vm [line 56,column 22] : $author is not a valid reference.
Fri Jun 28 14:04:22 CST 2013   [warn] org.apache.velocity.runtime.exception.ReferenceException: reference : template = Table0Ext.vm [line 57,column 13] : $Revision is not a valid reference.
Fri Jun 28 14:04:22 CST 2013   [info] ResourceManager : found Table0POJO.vm with loader org.apache.velocity.runtime.resource.loader.FileResourceLoader
Fri Jun 28 14:04:22 CST 2013   [info] ResourceManager : found CommonTemplate.vm with loader org.apache.velocity.runtime.resource.loader.FileResourceLoader
Fri Jun 28 14:04:22 CST 2013   [warn] org.apache.velocity.runtime.exception.ReferenceException: reference : template = Table0POJO.vm [line 38,column 22] : $author is not a valid reference.
Fri Jun 28 14:04:22 CST 2013   [warn] org.apache.velocity.runtime.exception.ReferenceException: reference : template = Table0POJO.vm [line 39,column 13] : $Revision is not a valid reference.
Fri Jun 28 14:04:22 CST 2013   [info] ResourceManager : found Table0Ext.vm with loader org.apache.velocity.runtime.resource.loader.FileResourceLoader
Fri Jun 28 14:04:23 CST 2013   [info] ResourceManager : found CommonTemplate.vm with loader org.apache.velocity.runtime.resource.loader.FileResourceLoader
Fri Jun 28 14:04:23 CST 2013   [warn] org.apache.velocity.runtime.exception.ReferenceException: reference : template = Table0Ext.vm [line 56,column 22] : $author is not a valid reference.
Fri Jun 28 14:04:23 CST 2013   [warn] org.apache.velocity.runtime.exception.ReferenceException: reference : template = Table0Ext.vm [line 57,column 13] : $Revision is not a valid reference.
